<?xml version="1.0" encoding="UTF-8"?>
<!-- Generated by org.testng.reporters.JUnitXMLReporter -->
<testsuite ignored="0" hostname="dell" failures="0" tests="4" name="Default test" time="102.495" errors="0" timestamp="2023-01-07T23:22:56 IST">
  <testcase classname="testcases.parallel" name="setup1" time="21.117"/>
  <testcase classname="testcases.parallel" name="setup2" time="25.741"/>
  <testcase classname="testcases.parallel" name="setup3" time="14.534"/>
  <testcase classname="testcases.parallel" name="setup4" time="40.93"/>
</testsuite> <!-- Default test -->
